[0m2023-02-03 15:11:40 V/Net 873482779: No server list cached.[0m
[92m2023-02-03 15:11:40 I/Net 873482779: ECDH key is invalid, start to fetch ecdh public key from server.[0m
[92m2023-02-03 15:11:40 I/Net 873482779: Successfully fetched ecdh public key from server.[0m
[0m2023-02-03 15:11:40 V/Net 873482779: Send: wtlogin.login(9:password-login)[0m
[0m2023-02-03 15:11:41 V/Net 873482779: Recv: wtlogin.login[0m
[0m2023-02-03 15:11:52 V/Net 873482779: Send: wtlogin.login(2:submit-slider)[0m
[0m2023-02-03 15:11:52 V/Net 873482779: Recv: wtlogin.login[0m
[91m2023-02-03 15:11:52 W/Net 873482779: Exception in resumeConnection.
net.mamoe.mirai.internal.network.components.LoginFailedExceptionAsNetworkException: Error(bot=Bot(873482779), code=237, title=å®‰å…¨æé†’, message=å½“å‰ç½‘ç»œä¸ç¨³å®šï¼Œç™»å½•å¤±è´¥ã€‚æ¨èä½¿ç”¨å¸¸ç”¨è®¾å¤‡æˆ–é€šè¿‡æ‰‹æœºå·ç™»å½•ã€‚, errorInfo=)
	at net.mamoe.mirai.internal.network.handler.CommonNetworkHandler$StateConnecting$startState$2.invokeSuspend(CommonNetworkHandler.kt:248)
	at kotlin.coroutines.jvm.internal.BaseContinuationImpl.resumeWith(ContinuationImpl.kt:33)
	at kotlinx.coroutines.internal.ScopeCoroutine.afterResume(Scopes.kt:33)
	at kotlinx.coroutines.AbstractCoroutine.resumeWith(AbstractCoroutine.kt:102)
	at kotlin.coroutines.jvm.internal.BaseContinuationImpl.resumeWith(ContinuationImpl.kt:46)
	at kotlinx.coroutines.DispatchedTask.run(DispatchedTask.kt:106)
	at kotlinx.coroutines.scheduling.CoroutineScheduler.runSafely(CoroutineScheduler.kt:570)
	at kotlinx.coroutines.scheduling.CoroutineScheduler$Worker.executeTask(CoroutineScheduler.kt:750)
	at kotlinx.coroutines.scheduling.CoroutineScheduler$Worker.runWorker(CoroutineScheduler.kt:677)
	at kotlinx.coroutines.scheduling.CoroutineScheduler$Worker.run(CoroutineScheduler.kt:664)
Caused by: net.mamoe.mirai.network.WrongPasswordException: Error(bot=Bot(873482779), code=237, title=å®‰å…¨æé†’, message=å½“å‰ç½‘ç»œä¸ç¨³å®šï¼Œç™»å½•å¤±è´¥ã€‚æ¨èä½¿ç”¨å¸¸ç”¨è®¾å¤‡æˆ–é€šè¿‡æ‰‹æœºå·ç™»å½•ã€‚, errorInfo=)
	at net.mamoe.mirai.internal.network.components.SsoProcessorImpl$SlowLoginImpl.doLogin(SsoProcessor.kt:311)
	at net.mamoe.mirai.internal.network.components.SsoProcessorImpl$SlowLoginImpl$doLogin$1.invokeSuspend(SsoProcessor.kt)
	... 9 more
[0m
[91m2023-02-03 15:11:52 W/Net 873482779: Network selector received exception, closing bot. (net.mamoe.mirai.internal.network.components.LoginFailedExceptionAsNetworkException: Error(bot=Bot(873482779), code=237, title=å®‰å…¨æé†’, message=å½“å‰ç½‘ç»œä¸ç¨³å®šï¼Œç™»å½•å¤±è´¥ã€‚æ¨èä½¿ç”¨å¸¸ç”¨è®¾å¤‡æˆ–é€šè¿‡æ‰‹æœºå·ç™»å½•ã€‚, errorInfo=))[0m
[0m2023-02-03 15:13:58 V/Net 873482779: No server list cached.[0m
[92m2023-02-03 15:13:58 I/Net 873482779: ECDH key is invalid, start to fetch ecdh public key from server.[0m
[92m2023-02-03 15:13:58 I/Net 873482779: Successfully fetched ecdh public key from server.[0m
[0m2023-02-03 15:13:58 V/Net 873482779: Send: wtlogin.login(9:password-login)[0m
[0m2023-02-03 15:13:58 V/Net 873482779: Recv: wtlogin.login[0m
[0m2023-02-03 15:14:08 V/Net 873482779: Send: wtlogin.login(2:submit-slider)[0m
[0m2023-02-03 15:14:08 V/Net 873482779: Recv: wtlogin.login[0m
[91m2023-02-03 15:14:08 W/Net 873482779: Exception in resumeConnection.
net.mamoe.mirai.internal.network.components.LoginFailedExceptionAsNetworkException: Error(bot=Bot(873482779), code=237, title=å®‰å…¨æé†’, message=å½“å‰ç½‘ç»œä¸ç¨³å®šï¼Œç™»å½•å¤±è´¥ã€‚æ¨èä½¿ç”¨å¸¸ç”¨è®¾å¤‡æˆ–é€šè¿‡æ‰‹æœºå·ç™»å½•ã€‚, errorInfo=)
	at net.mamoe.mirai.internal.network.handler.CommonNetworkHandler$StateConnecting$startState$2.invokeSuspend(CommonNetworkHandler.kt:248)
	at kotlin.coroutines.jvm.internal.BaseContinuationImpl.resumeWith(ContinuationImpl.kt:33)
	at kotlinx.coroutines.internal.ScopeCoroutine.afterResume(Scopes.kt:33)
	at kotlinx.coroutines.AbstractCoroutine.resumeWith(AbstractCoroutine.kt:102)
	at kotlin.coroutines.jvm.internal.BaseContinuationImpl.resumeWith(ContinuationImpl.kt:46)
	at kotlinx.coroutines.DispatchedTask.run(DispatchedTask.kt:106)
	at kotlinx.coroutines.scheduling.CoroutineScheduler.runSafely(CoroutineScheduler.kt:570)
	at kotlinx.coroutines.scheduling.CoroutineScheduler$Worker.executeTask(CoroutineScheduler.kt:750)
	at kotlinx.coroutines.scheduling.CoroutineScheduler$Worker.runWorker(CoroutineScheduler.kt:677)
	at kotlinx.coroutines.scheduling.CoroutineScheduler$Worker.run(CoroutineScheduler.kt:664)
Caused by: net.mamoe.mirai.network.WrongPasswordException: Error(bot=Bot(873482779), code=237, title=å®‰å…¨æé†’, message=å½“å‰ç½‘ç»œä¸ç¨³å®šï¼Œç™»å½•å¤±è´¥ã€‚æ¨èä½¿ç”¨å¸¸ç”¨è®¾å¤‡æˆ–é€šè¿‡æ‰‹æœºå·ç™»å½•ã€‚, errorInfo=)
	at net.mamoe.mirai.internal.network.components.SsoProcessorImpl$SlowLoginImpl.doLogin(SsoProcessor.kt:311)
	at net.mamoe.mirai.internal.network.components.SsoProcessorImpl$SlowLoginImpl$doLogin$1.invokeSuspend(SsoProcessor.kt)
	... 9 more
[0m
[91m2023-02-03 15:14:08 W/Net 873482779: Network selector received exception, closing bot. (net.mamoe.mirai.internal.network.components.LoginFailedExceptionAsNetworkException: Error(bot=Bot(873482779), code=237, title=å®‰å…¨æé†’, message=å½“å‰ç½‘ç»œä¸ç¨³å®šï¼Œç™»å½•å¤±è´¥ã€‚æ¨èä½¿ç”¨å¸¸ç”¨è®¾å¤‡æˆ–é€šè¿‡æ‰‹æœºå·ç™»å½•ã€‚, errorInfo=))[0m
[0m2023-02-03 15:16:32 V/Net 873482779: No server list cached.[0m
[92m2023-02-03 15:16:32 I/Net 873482779: ECDH key is invalid, start to fetch ecdh public key from server.[0m
[92m2023-02-03 15:16:32 I/Net 873482779: Successfully fetched ecdh public key from server.[0m
[0m2023-02-03 15:16:32 V/Net 873482779: Send: wtlogin.login(9:password-login)[0m
[0m2023-02-03 15:16:32 V/Net 873482779: Recv: wtlogin.login[0m
[0m2023-02-03 15:16:42 V/Net 873482779: Send: wtlogin.login(2:submit-slider)[0m
[0m2023-02-03 15:16:42 V/Net 873482779: Recv: wtlogin.login[0m
[91m2023-02-03 15:16:42 W/Net 873482779: Exception in resumeConnection.
net.mamoe.mirai.internal.network.components.LoginFailedExceptionAsNetworkException: Error(bot=Bot(873482779), code=237, title=å®‰å…¨æé†’, message=å½“å‰ç½‘ç»œä¸ç¨³å®šï¼Œç™»å½•å¤±è´¥ã€‚æ¨èä½¿ç”¨å¸¸ç”¨è®¾å¤‡æˆ–é€šè¿‡æ‰‹æœºå·ç™»å½•ã€‚, errorInfo=)
	at net.mamoe.mirai.internal.network.handler.CommonNetworkHandler$StateConnecting$startState$2.invokeSuspend(CommonNetworkHandler.kt:248)
	at kotlin.coroutines.jvm.internal.BaseContinuationImpl.resumeWith(ContinuationImpl.kt:33)
	at kotlinx.coroutines.internal.ScopeCoroutine.afterResume(Scopes.kt:33)
	at kotlinx.coroutines.AbstractCoroutine.resumeWith(AbstractCoroutine.kt:102)
	at kotlin.coroutines.jvm.internal.BaseContinuationImpl.resumeWith(ContinuationImpl.kt:46)
	at kotlinx.coroutines.DispatchedTask.run(DispatchedTask.kt:106)
	at kotlinx.coroutines.scheduling.CoroutineScheduler.runSafely(CoroutineScheduler.kt:570)
	at kotlinx.coroutines.scheduling.CoroutineScheduler$Worker.executeTask(CoroutineScheduler.kt:750)
	at kotlinx.coroutines.scheduling.CoroutineScheduler$Worker.runWorker(CoroutineScheduler.kt:677)
	at kotlinx.coroutines.scheduling.CoroutineScheduler$Worker.run(CoroutineScheduler.kt:664)
Caused by: net.mamoe.mirai.network.WrongPasswordException: Error(bot=Bot(873482779), code=237, title=å®‰å…¨æé†’, message=å½“å‰ç½‘ç»œä¸ç¨³å®šï¼Œç™»å½•å¤±è´¥ã€‚æ¨èä½¿ç”¨å¸¸ç”¨è®¾å¤‡æˆ–é€šè¿‡æ‰‹æœºå·ç™»å½•ã€‚, errorInfo=)
	at net.mamoe.mirai.internal.network.components.SsoProcessorImpl$SlowLoginImpl.doLogin(SsoProcessor.kt:311)
	at net.mamoe.mirai.internal.network.components.SsoProcessorImpl$SlowLoginImpl$doLogin$1.invokeSuspend(SsoProcessor.kt)
	... 9 more
[0m
[91m2023-02-03 15:16:42 W/Net 873482779: Network selector received exception, closing bot. (net.mamoe.mirai.internal.network.components.LoginFailedExceptionAsNetworkException: Error(bot=Bot(873482779), code=237, title=å®‰å…¨æé†’, message=å½“å‰ç½‘ç»œä¸ç¨³å®šï¼Œç™»å½•å¤±è´¥ã€‚æ¨èä½¿ç”¨å¸¸ç”¨è®¾å¤‡æˆ–é€šè¿‡æ‰‹æœºå·ç™»å½•ã€‚, errorInfo=))[0m
[0m2023-02-03 15:31:09 V/Net 873482779: No server list cached.[0m
[92m2023-02-03 15:31:09 I/Net 873482779: ECDH key is invalid, start to fetch ecdh public key from server.[0m
[92m2023-02-03 15:31:09 I/Net 873482779: Successfully fetched ecdh public key from server.[0m
[0m2023-02-03 15:31:09 V/Net 873482779: Send: wtlogin.login(9:password-login)[0m
[0m2023-02-03 15:31:09 V/Net 873482779: Recv: wtlogin.login[0m
[0m2023-02-03 15:31:20 V/Net 873482779: Send: wtlogin.login(2:submit-slider)[0m
[0m2023-02-03 15:31:20 V/Net 873482779: Recv: wtlogin.login[0m
[91m2023-02-03 15:31:20 W/Net 873482779: Exception in resumeConnection.
net.mamoe.mirai.internal.network.components.LoginFailedExceptionAsNetworkException: Error(bot=Bot(873482779), code=237, title=å®‰å…¨æé†’, message=å½“å‰ç½‘ç»œä¸ç¨³å®šï¼Œç™»å½•å¤±è´¥ã€‚æ¨èä½¿ç”¨å¸¸ç”¨è®¾å¤‡æˆ–é€šè¿‡æ‰‹æœºå·ç™»å½•ã€‚, errorInfo=)
	at net.mamoe.mirai.internal.network.handler.CommonNetworkHandler$StateConnecting$startState$2.invokeSuspend(CommonNetworkHandler.kt:248)
	at kotlin.coroutines.jvm.internal.BaseContinuationImpl.resumeWith(ContinuationImpl.kt:33)
	at kotlinx.coroutines.internal.ScopeCoroutine.afterResume(Scopes.kt:33)
	at kotlinx.coroutines.AbstractCoroutine.resumeWith(AbstractCoroutine.kt:102)
	at kotlin.coroutines.jvm.internal.BaseContinuationImpl.resumeWith(ContinuationImpl.kt:46)
	at kotlinx.coroutines.DispatchedTask.run(DispatchedTask.kt:106)
	at kotlinx.coroutines.scheduling.CoroutineScheduler.runSafely(CoroutineScheduler.kt:570)
	at kotlinx.coroutines.scheduling.CoroutineScheduler$Worker.executeTask(CoroutineScheduler.kt:750)
	at kotlinx.coroutines.scheduling.CoroutineScheduler$Worker.runWorker(CoroutineScheduler.kt:677)
	at kotlinx.coroutines.scheduling.CoroutineScheduler$Worker.run(CoroutineScheduler.kt:664)
Caused by: net.mamoe.mirai.network.WrongPasswordException: Error(bot=Bot(873482779), code=237, title=å®‰å…¨æé†’, message=å½“å‰ç½‘ç»œä¸ç¨³å®šï¼Œç™»å½•å¤±è´¥ã€‚æ¨èä½¿ç”¨å¸¸ç”¨è®¾å¤‡æˆ–é€šè¿‡æ‰‹æœºå·ç™»å½•ã€‚, errorInfo=)
	at net.mamoe.mirai.internal.network.components.SsoProcessorImpl$SlowLoginImpl.doLogin(SsoProcessor.kt:311)
	at net.mamoe.mirai.internal.network.components.SsoProcessorImpl$SlowLoginImpl$doLogin$1.invokeSuspend(SsoProcessor.kt)
	... 9 more
[0m
[91m2023-02-03 15:31:20 W/Net 873482779: Network selector received exception, closing bot. (net.mamoe.mirai.internal.network.components.LoginFailedExceptionAsNetworkException: Error(bot=Bot(873482779), code=237, title=å®‰å…¨æé†’, message=å½“å‰ç½‘ç»œä¸ç¨³å®šï¼Œç™»å½•å¤±è´¥ã€‚æ¨èä½¿ç”¨å¸¸ç”¨è®¾å¤‡æˆ–é€šè¿‡æ‰‹æœºå·ç™»å½•ã€‚, errorInfo=))[0m
[0m2023-02-03 15:36:21 V/Net 873482779: No server list cached.[0m
[92m2023-02-03 15:36:21 I/Net 873482779: ECDH key is invalid, start to fetch ecdh public key from server.[0m
[92m2023-02-03 15:36:21 I/Net 873482779: Successfully fetched ecdh public key from server.[0m
[0m2023-02-03 15:36:22 V/Net 873482779: Send: wtlogin.login(9:password-login)[0m
[0m2023-02-03 15:36:22 V/Net 873482779: Recv: wtlogin.login[0m
[0m2023-02-03 15:36:35 V/Net 873482779: Send: wtlogin.login(2:submit-slider)[0m
[0m2023-02-03 15:36:35 V/Net 873482779: Recv: wtlogin.login[0m
[91m2023-02-03 15:36:35 W/Net 873482779: Exception in resumeConnection.
net.mamoe.mirai.internal.network.components.LoginFailedExceptionAsNetworkException: Error(bot=Bot(873482779), code=237, title=å®‰å…¨æé†’, message=å½“å‰ç½‘ç»œä¸ç¨³å®šï¼Œç™»å½•å¤±è´¥ã€‚æ¨èä½¿ç”¨å¸¸ç”¨è®¾å¤‡æˆ–é€šè¿‡æ‰‹æœºå·ç™»å½•ã€‚, errorInfo=)
	at net.mamoe.mirai.internal.network.handler.CommonNetworkHandler$StateConnecting$startState$2.invokeSuspend(CommonNetworkHandler.kt:248)
	at kotlin.coroutines.jvm.internal.BaseContinuationImpl.resumeWith(ContinuationImpl.kt:33)
	at kotlinx.coroutines.internal.ScopeCoroutine.afterResume(Scopes.kt:33)
	at kotlinx.coroutines.AbstractCoroutine.resumeWith(AbstractCoroutine.kt:102)
	at kotlin.coroutines.jvm.internal.BaseContinuationImpl.resumeWith(ContinuationImpl.kt:46)
	at kotlinx.coroutines.DispatchedTask.run(DispatchedTask.kt:106)
	at kotlinx.coroutines.scheduling.CoroutineScheduler.runSafely(CoroutineScheduler.kt:570)
	at kotlinx.coroutines.scheduling.CoroutineScheduler$Worker.executeTask(CoroutineScheduler.kt:750)
	at kotlinx.coroutines.scheduling.CoroutineScheduler$Worker.runWorker(CoroutineScheduler.kt:677)
	at kotlinx.coroutines.scheduling.CoroutineScheduler$Worker.run(CoroutineScheduler.kt:664)
Caused by: net.mamoe.mirai.network.WrongPasswordException: Error(bot=Bot(873482779), code=237, title=å®‰å…¨æé†’, message=å½“å‰ç½‘ç»œä¸ç¨³å®šï¼Œç™»å½•å¤±è´¥ã€‚æ¨èä½¿ç”¨å¸¸ç”¨è®¾å¤‡æˆ–é€šè¿‡æ‰‹æœºå·ç™»å½•ã€‚, errorInfo=)
	at net.mamoe.mirai.internal.network.components.SsoProcessorImpl$SlowLoginImpl.doLogin(SsoProcessor.kt:311)
	at net.mamoe.mirai.internal.network.components.SsoProcessorImpl$SlowLoginImpl$doLogin$1.invokeSuspend(SsoProcessor.kt)
	... 9 more
[0m
[91m2023-02-03 15:36:35 W/Net 873482779: Network selector received exception, closing bot. (net.mamoe.mirai.internal.network.components.LoginFailedExceptionAsNetworkException: Error(bot=Bot(873482779), code=237, title=å®‰å…¨æé†’, message=å½“å‰ç½‘ç»œä¸ç¨³å®šï¼Œç™»å½•å¤±è´¥ã€‚æ¨èä½¿ç”¨å¸¸ç”¨è®¾å¤‡æˆ–é€šè¿‡æ‰‹æœºå·ç™»å½•ã€‚, errorInfo=))[0m
