[0m2023-02-21 11:16:17 V/Net 2545774296: Loading server list from cache.[0m
[0m2023-02-21 11:16:17 V/Net 2545774296: Server list: 157.148.54.249:80, 60.29.240.63:80, 60.28.172.48:443, 125.39.196.236:8080, 59.83.207.217:80, msfwifi.3g.qq.com:8080, 112.80.130.241:14000, 163.177.30.25:80, 116.130.229.12:443, 116.147.18.148:443.[0m
[92m2023-02-21 11:16:18 I/Net 2545774296: ECDH key is invalid, start to fetch ecdh public key from server.[0m
[92m2023-02-21 11:16:18 I/Net 2545774296: Successfully fetched ecdh public key from server.[0m
[0m2023-02-21 11:16:18 V/Net 2545774296: Send: wtlogin.exchange_emp(10:fast-login)[0m
[0m2023-02-21 11:16:18 V/Net 2545774296: Recv: wtlogin.exchange_emp[0m
[0m2023-02-21 11:16:18 V/Net 2545774296: Send: StatSvc.register(online)[0m
[92m2023-02-21 11:16:18 I/Net 2545774296: Server time updated, serverTime: 1676949377, diff: -1ms=-0.001s[0m
[0m2023-02-21 11:16:18 V/Net 2545774296: Recv: StatSvc.register[0m
[0m2023-02-21 11:16:18 V/Net 2545774296: Loading BdhSession from cache file[0m
[92m2023-02-21 11:16:18 I/Net 2545774296: Syncing friend message history...[0m
[92m2023-02-21 11:16:18 I/Net 2545774296: Start loading friend list...[0m
[92m2023-02-21 11:16:18 I/Net 2545774296: Start loading stranger list...[0m
[92m2023-02-21 11:16:18 I/Net 2545774296: Start loading friendGroup list...[0m
[0m2023-02-21 11:16:18 V/Net 2545774296: Send: StatSvc.GetDevLoginInfo(StatSvc.GetDevLoginInfo)[0m
[0m2023-02-21 11:16:18 V/Net 2545774296: Send: OidbSvc.0x496(OidbSvc.0x496)[0m
[0m2023-02-21 11:16:18 V/Net 2545774296: Send: OidbSvc.0x5d2_0(OidbSvc.0x5d2_0)[0m
[0m2023-02-21 11:16:18 V/Net 2545774296: Send: friendlist.getFriendGroupList(friendlist.getFriendGroupList)[0m
[0m2023-02-21 11:16:18 V/Net 2545774296: Send: friendlist.getFriendGroupList(friendlist.getFriendGroupList)[0m
[0m2023-02-21 11:16:18 V/Net 2545774296: Recv: OidbSvc.0x496[0m
[92m2023-02-21 11:16:18 I/Net 2545774296: Start loading group list...[0m
[0m2023-02-21 11:16:18 V/Net 2545774296: Send: friendlist.GetTroopListReqV2(friendlist.GetTroopListReqV2)[0m
[92m2023-02-21 11:16:18 I/Net 2545774296: Syncing friend message history: Success.[0m
[0m2023-02-21 11:16:18 V/Net 2545774296: Recv: StatSvc.GetDevLoginInfo[0m
[92m2023-02-21 11:16:18 I/Net 2545774296: No OtherClient online.[0m
[0m2023-02-21 11:16:18 V/Net 2545774296: Recv: friendlist.getFriendGroupList[0m
[0m2023-02-21 11:16:18 V/Net 2545774296: Loading friendGroup list: 9/9[0m
[92m2023-02-21 11:16:18 I/Net 2545774296: Successfully loaded friendGroup list: 9 in total[0m
[0m2023-02-21 11:16:18 V/Net 2545774296: Recv: friendlist.getFriendGroupList[0m
[0m2023-02-21 11:16:18 V/Net 2545774296: Loading friend list: 23/23[0m
[92m2023-02-21 11:16:18 I/Net 2545774296: Successfully loaded friend list: 23 in total[0m
[0m2023-02-21 11:16:18 V/Net 2545774296: Recv: OidbSvc.0x5d2_0[0m
[92m2023-02-21 11:16:18 I/Net 2545774296: Successfully loaded stranger list: 5 in total[0m
[0m2023-02-21 11:16:18 V/Net 2545774296: Recv: friendlist.GetTroopListReqV2[0m
[0m2023-02-21 11:16:18 V/Net 2545774296: Send: friendlist.GetTroopMemberListReq(friendlist.GetTroopMemberListReq)[0m
[0m2023-02-21 11:16:18 V/Net 2545774296: Send: friendlist.GetTroopMemberListReq(friendlist.GetTroopMemberListReq)[0m
[0m2023-02-21 11:16:18 V/Net 2545774296: Send: friendlist.GetTroopMemberListReq(friendlist.GetTroopMemberListReq)[0m
[0m2023-02-21 11:16:18 V/Net 2545774296: Send: friendlist.GetTroopMemberListReq(friendlist.GetTroopMemberListReq)[0m
[0m2023-02-21 11:16:18 V/Net 2545774296: Send: friendlist.GetTroopMemberListReq(friendlist.GetTroopMemberListReq)[0m
[0m2023-02-21 11:16:18 V/Net 2545774296: Recv: friendlist.GetTroopMemberListReq[0m
[0m2023-02-21 11:16:19 V/Net 2545774296: Recv: friendlist.GetTroopMemberListReq[0m
[0m2023-02-21 11:16:19 V/Net 2545774296: Recv: friendlist.GetTroopMemberListReq[0m
[0m2023-02-21 11:16:19 V/Net 2545774296: Recv: friendlist.GetTroopMemberListReq[0m
[92m2023-02-21 11:16:19 I/Net 2545774296: Successfully loaded group list: 5 in total.[0m
[0m2023-02-21 11:16:19 V/Net 2545774296: Recv: friendlist.GetTroopMemberListReq[0m
[92m2023-02-21 11:16:19 I/Net 2545774296: Scheduled refresh login session in 19d 23h 55min 0.0s.[0m
[92m2023-02-21 11:16:19 I/Net 2545774296: Scheduled key refresh in 23h 55min 0.0s.[0m
[0m2023-02-21 11:16:21 V/Net 2545774296: Server list: 125.39.196.178:443, 112.80.130.129:80, 157.255.13.156:80, 112.80.130.224:443, 125.39.196.233:80, 125.39.196.233:8080, 157.148.54.141:80, 60.29.240.116:14000, 59.83.208.179:14000, msfwifi.3g.qq.com:8080.[0m
[0m2023-02-21 11:16:21 V/Net 2545774296: Saving bdh session to cache[0m
[0m2023-02-21 11:16:21 V/Net 2545774296: Saving server list to cache[0m
[0m2023-02-21 11:16:21 V/Net 2545774296: Send: ConfigPushSvc.PushResp(ConfigPushSvc.PushResp)[0m
[0m2023-02-21 11:16:21 V/Net 2545774296: Recv: ConfigPushSvc.PushReq[0m
[0m2023-02-21 11:16:21 V/Net 2545774296: Saving bdh session to cache[0m
[0m2023-02-21 11:16:21 V/Net 2545774296: Send: ConfigPushSvc.PushResp(ConfigPushSvc.PushResp)[0m
[0m2023-02-21 11:16:21 V/Net 2545774296: Recv: ConfigPushSvc.PushReq[0m
[0m2023-02-21 11:17:43 V/Net 2545774296: Send: MessageSvc.PbSendMsg(MessageSvc.PbSendMsg)[0m
[0m2023-02-21 11:17:44 V/Net 2545774296: Recv: MessageSvc.PbSendMsg[0m
[0m2023-02-21 11:24:23 V/Net 2545774296: Send: ImgStore.GroupPicUp(ImgStore.GroupPicUp)[0m
[0m2023-02-21 11:24:23 V/Net 2545774296: Recv: ImgStore.GroupPicUp[0m
[0m2023-02-21 11:24:23 V/Net 2545774296: Send: MessageSvc.PbSendMsg(MessageSvc.PbSendMsg)[0m
[0m2023-02-21 11:24:24 V/Net 2545774296: Recv: MessageSvc.PbSendMsg[0m
[0m2023-02-21 11:24:54 V/Net 2545774296: Send: ImgStore.GroupPicUp(ImgStore.GroupPicUp)[0m
[0m2023-02-21 11:24:55 V/Net 2545774296: Recv: ImgStore.GroupPicUp[0m
[0m2023-02-21 11:24:55 V/Net 2545774296: [Highway] Uploading group image to 60.29.242.225:80, size=342.45 KiB[0m
[0m2023-02-21 11:24:55 V/Net 2545774296: [Highway] Uploading group image: succeed at 631 KiB/s[0m
[0m2023-02-21 11:24:55 V/Net 2545774296: Send: MessageSvc.PbSendMsg(MessageSvc.PbSendMsg)[0m
[0m2023-02-21 11:24:56 V/Net 2545774296: Recv: MessageSvc.PbSendMsg[0m
[0m2023-02-21 14:51:12 V/Net 2545774296: Send: MessageSvc.PbSendMsg(MessageSvc.PbSendMsg)[0m
[0m2023-02-21 14:51:12 V/Net 2545774296: Recv: MessageSvc.PbSendMsg[0m
[0m2023-02-21 14:51:34 V/Net 2545774296: Send: MessageSvc.PbSendMsg(MessageSvc.PbSendMsg)[0m
[0m2023-02-21 14:51:35 V/Net 2545774296: Recv: MessageSvc.PbSendMsg[0m
[0m2023-02-21 14:52:35 V/Net 2545774296: Send: MessageSvc.PbSendMsg(MessageSvc.PbSendMsg)[0m
[0m2023-02-21 14:52:35 V/Net 2545774296: Recv: MessageSvc.PbSendMsg[0m
[0m2023-02-21 14:52:58 V/Net 2545774296: Send: MessageSvc.PbSendMsg(MessageSvc.PbSendMsg)[0m
[0m2023-02-21 14:52:59 V/Net 2545774296: Recv: MessageSvc.PbSendMsg[0m
[0m2023-02-21 15:52:53 V/Net 2545774296: Send: ImgStore.GroupPicUp(ImgStore.GroupPicUp)[0m
[0m2023-02-21 15:52:53 V/Net 2545774296: Recv: ImgStore.GroupPicUp[0m
[0m2023-02-21 15:52:53 V/Net 2545774296: [Highway] Uploading group image to 60.29.242.225:80, size=324 B[0m
[0m2023-02-21 15:52:53 V/Net 2545774296: [Highway] Uploading group image: succeed at 1 KiB/s[0m
[0m2023-02-21 15:52:53 V/Net 2545774296: Send: MessageSvc.PbSendMsg(MessageSvc.PbSendMsg)[0m
[0m2023-02-21 15:52:54 V/Net 2545774296: Recv: MessageSvc.PbSendMsg[0m
[0m2023-02-21 15:55:40 V/Net 2545774296: Send: ImgStore.GroupPicUp(ImgStore.GroupPicUp)[0m
[0m2023-02-21 15:55:40 V/Net 2545774296: [Highway] Uploading group image to 60.29.242.225:80, size=333 B[0m
[0m2023-02-21 15:55:40 V/Net 2545774296: Recv: ImgStore.GroupPicUp[0m
[0m2023-02-21 15:55:40 V/Net 2545774296: [Highway] Uploading group image: succeed at 2 KiB/s[0m
[0m2023-02-21 15:55:40 V/Net 2545774296: Send: MessageSvc.PbSendMsg(MessageSvc.PbSendMsg)[0m
[0m2023-02-21 15:55:40 V/Net 2545774296: Recv: MessageSvc.PbSendMsg[0m
[0m2023-02-21 16:03:43 V/Net 2545774296: Send: MessageSvc.PbSendMsg(MessageSvc.PbSendMsg)[0m
[0m2023-02-21 16:03:44 V/Net 2545774296: Recv: MessageSvc.PbSendMsg[0m
[0m2023-02-21 16:04:06 V/Net 2545774296: Send: MessageSvc.PbSendMsg(MessageSvc.PbSendMsg)[0m
[0m2023-02-21 16:04:06 V/Net 2545774296: Recv: MessageSvc.PbSendMsg[0m
[0m2023-02-21 16:07:57 V/Net 2545774296: Send: ImgStore.GroupPicUp(ImgStore.GroupPicUp)[0m
[0m2023-02-21 16:07:57 V/Net 2545774296: Recv: ImgStore.GroupPicUp[0m
[0m2023-02-21 16:07:57 V/Net 2545774296: Send: MessageSvc.PbSendMsg(MessageSvc.PbSendMsg)[0m
[0m2023-02-21 16:07:58 V/Net 2545774296: Recv: MessageSvc.PbSendMsg[0m
[0m2023-02-21 16:22:33 V/Net 2545774296: [Highway] Uploading group audio to 60.29.242.225:80, size=324 B[0m
[0m2023-02-21 16:22:33 V/Net 2545774296: [Highway] Uploading group audio: succeed at 2 KiB/s[0m
[0m2023-02-21 16:22:33 V/Net 2545774296: Send: MessageSvc.PbSendMsg(MessageSvc.PbSendMsg)[0m
[0m2023-02-21 16:22:34 V/Net 2545774296: Recv: MessageSvc.PbSendMsg[0m
[0m2023-02-21 16:23:10 V/Net 2545774296: [Highway] Uploading group audio to 60.29.242.225:80, size=168 B[0m
[0m2023-02-21 16:23:10 V/Net 2545774296: [Highway] Uploading group audio: succeed at 2 KiB/s[0m
[0m2023-02-21 16:23:10 V/Net 2545774296: Send: MessageSvc.PbSendMsg(MessageSvc.PbSendMsg)[0m
[0m2023-02-21 16:23:10 V/Net 2545774296: Recv: MessageSvc.PbSendMsg[0m
[0m2023-02-21 16:24:54 V/Net 2545774296: [Highway] Uploading group audio to 60.29.242.225:80, size=7.73 KiB[0m
[0m2023-02-21 16:24:54 V/Net 2545774296: [Highway] Uploading group audio: succeed at 107 KiB/s[0m
[0m2023-02-21 16:24:54 V/Net 2545774296: Send: MessageSvc.PbSendMsg(MessageSvc.PbSendMsg)[0m
[0m2023-02-21 16:24:54 V/Net 2545774296: Recv: MessageSvc.PbSendMsg[0m
[0m2023-02-21 16:45:09 V/Net 2545774296: Send: MessageSvc.PbSendMsg(MessageSvc.PbSendMsg)[0m
[0m2023-02-21 16:45:09 V/Net 2545774296: Recv: MessageSvc.PbSendMsg[0m
[0m2023-02-21 16:45:14 V/Net 2545774296: Send: MessageSvc.PbSendMsg(MessageSvc.PbSendMsg)[0m
[0m2023-02-21 16:45:14 V/Net 2545774296: Recv: MessageSvc.PbSendMsg[0m
[0m2023-02-21 16:46:27 V/Net 2545774296: Send: ImgStore.GroupPicUp(ImgStore.GroupPicUp)[0m
[0m2023-02-21 16:46:27 V/Net 2545774296: Recv: ImgStore.GroupPicUp[0m
[0m2023-02-21 16:46:27 V/Net 2545774296: [Highway] Uploading group image to 60.29.242.225:80, size=639.48 KiB[0m
[0m2023-02-21 16:46:28 V/Net 2545774296: [Highway] Uploading group image: succeed at 1007 KiB/s[0m
[0m2023-02-21 16:46:28 V/Net 2545774296: Send: MessageSvc.PbSendMsg(MessageSvc.PbSendMsg)[0m
[0m2023-02-21 16:46:29 V/Net 2545774296: Recv: MessageSvc.PbSendMsg[0m
[0m2023-02-21 16:47:27 V/Net 2545774296: Send: ImgStore.GroupPicUp(ImgStore.GroupPicUp)[0m
[0m2023-02-21 16:47:27 V/Net 2545774296: Recv: ImgStore.GroupPicUp[0m
[0m2023-02-21 16:47:27 V/Net 2545774296: Send: MessageSvc.PbSendMsg(MessageSvc.PbSendMsg)[0m
[0m2023-02-21 16:47:28 V/Net 2545774296: Recv: MessageSvc.PbSendMsg[0m
[0m2023-02-21 16:47:39 V/Net 2545774296: Send: ImgStore.GroupPicUp(ImgStore.GroupPicUp)[0m
[0m2023-02-21 16:47:40 V/Net 2545774296: Recv: ImgStore.GroupPicUp[0m
[0m2023-02-21 16:47:40 V/Net 2545774296: Send: MessageSvc.PbSendMsg(MessageSvc.PbSendMsg)[0m
[0m2023-02-21 16:47:40 V/Net 2545774296: Recv: MessageSvc.PbSendMsg[0m
[0m2023-02-21 16:47:43 V/Net 2545774296: Send: ImgStore.GroupPicUp(ImgStore.GroupPicUp)[0m
[0m2023-02-21 16:47:43 V/Net 2545774296: Recv: ImgStore.GroupPicUp[0m
[0m2023-02-21 16:47:43 V/Net 2545774296: [Highway] Uploading group image to 60.29.242.225:80, size=302.71 KiB[0m
[0m2023-02-21 16:47:44 V/Net 2545774296: [Highway] Uploading group image: succeed at 526 KiB/s[0m
[0m2023-02-21 16:47:44 V/Net 2545774296: Send: MessageSvc.PbSendMsg(MessageSvc.PbSendMsg)[0m
[0m2023-02-21 16:47:45 V/Net 2545774296: Recv: MessageSvc.PbSendMsg[0m
[0m2023-02-21 16:47:48 V/Net 2545774296: Send: ImgStore.GroupPicUp(ImgStore.GroupPicUp)[0m
[0m2023-02-21 16:47:48 V/Net 2545774296: Recv: ImgStore.GroupPicUp[0m
[0m2023-02-21 16:47:48 V/Net 2545774296: Send: MessageSvc.PbSendMsg(MessageSvc.PbSendMsg)[0m
[0m2023-02-21 16:47:49 V/Net 2545774296: Recv: MessageSvc.PbSendMsg[0m
[0m2023-02-21 16:47:59 V/Net 2545774296: Send: ImgStore.GroupPicUp(ImgStore.GroupPicUp)[0m
[0m2023-02-21 16:47:59 V/Net 2545774296: Recv: ImgStore.GroupPicUp[0m
[0m2023-02-21 16:47:59 V/Net 2545774296: Send: MessageSvc.PbSendMsg(MessageSvc.PbSendMsg)[0m
[0m2023-02-21 16:48:00 V/Net 2545774296: Recv: MessageSvc.PbSendMsg[0m
[0m2023-02-21 16:51:19 V/Net 2545774296: Send: MessageSvc.PbSendMsg(MessageSvc.PbSendMsg)[0m
[0m2023-02-21 16:51:19 V/Net 2545774296: Recv: MessageSvc.PbSendMsg[0m
[0m2023-02-21 17:30:20 V/Net 2545774296: Send: ImgStore.GroupPicUp(ImgStore.GroupPicUp)[0m
[0m2023-02-21 17:30:20 V/Net 2545774296: Recv: ImgStore.GroupPicUp[0m
[0m2023-02-21 17:30:20 V/Net 2545774296: Send: MessageSvc.PbSendMsg(MessageSvc.PbSendMsg)[0m
[0m2023-02-21 17:30:21 V/Net 2545774296: Recv: MessageSvc.PbSendMsg[0m
[0m2023-02-21 17:30:32 V/Net 2545774296: Send: ImgStore.GroupPicUp(ImgStore.GroupPicUp)[0m
[0m2023-02-21 17:30:32 V/Net 2545774296: Recv: ImgStore.GroupPicUp[0m
[0m2023-02-21 17:30:32 V/Net 2545774296: [Highway] Uploading group image to 60.29.242.225:80, size=693.34 KiB[0m
[0m2023-02-21 17:30:33 V/Net 2545774296: [Highway] Uploading group image: succeed at 759 KiB/s[0m
[0m2023-02-21 17:30:33 V/Net 2545774296: Send: MessageSvc.PbSendMsg(MessageSvc.PbSendMsg)[0m
[0m2023-02-21 17:30:34 V/Net 2545774296: Recv: MessageSvc.PbSendMsg[0m
[0m2023-02-21 17:32:20 V/Net 2545774296: Send: ImgStore.GroupPicUp(ImgStore.GroupPicUp)[0m
[0m2023-02-21 17:32:20 V/Net 2545774296: [Highway] Uploading group image to 60.29.242.225:80, size=521.5 KiB[0m
[0m2023-02-21 17:32:20 V/Net 2545774296: Recv: ImgStore.GroupPicUp[0m
[0m2023-02-21 17:32:21 V/Net 2545774296: [Highway] Uploading group image: succeed at 581 KiB/s[0m
[0m2023-02-21 17:32:21 V/Net 2545774296: Send: MessageSvc.PbSendMsg(MessageSvc.PbSendMsg)[0m
[0m2023-02-21 17:32:22 V/Net 2545774296: Recv: MessageSvc.PbSendMsg[0m
[0m2023-02-21 17:32:50 V/Net 2545774296: Send: ImgStore.GroupPicUp(ImgStore.GroupPicUp)[0m
[0m2023-02-21 17:32:50 V/Net 2545774296: Recv: ImgStore.GroupPicUp[0m
[0m2023-02-21 17:32:50 V/Net 2545774296: Send: MessageSvc.PbSendMsg(MessageSvc.PbSendMsg)[0m
[0m2023-02-21 17:32:50 V/Net 2545774296: Recv: MessageSvc.PbSendMsg[0m
[0m2023-02-21 18:06:50 V/Net 2545774296: Send: ImgStore.GroupPicUp(ImgStore.GroupPicUp)[0m
[0m2023-02-21 18:06:50 V/Net 2545774296: Recv: ImgStore.GroupPicUp[0m
[0m2023-02-21 18:06:50 V/Net 2545774296: Send: MessageSvc.PbSendMsg(MessageSvc.PbSendMsg)[0m
[0m2023-02-21 18:06:50 V/Net 2545774296: Recv: MessageSvc.PbSendMsg[0m
[0m2023-02-21 18:07:00 V/Net 2545774296: Send: ImgStore.GroupPicUp(ImgStore.GroupPicUp)[0m
[0m2023-02-21 18:07:00 V/Net 2545774296: Recv: ImgStore.GroupPicUp[0m
[0m2023-02-21 18:07:00 V/Net 2545774296: Send: MessageSvc.PbSendMsg(MessageSvc.PbSendMsg)[0m
[0m2023-02-21 18:07:01 V/Net 2545774296: Recv: MessageSvc.PbSendMsg[0m
[0m2023-02-21 18:07:07 V/Net 2545774296: Send: ImgStore.GroupPicUp(ImgStore.GroupPicUp)[0m
[0m2023-02-21 18:07:08 V/Net 2545774296: Recv: ImgStore.GroupPicUp[0m
[0m2023-02-21 18:07:08 V/Net 2545774296: Send: MessageSvc.PbSendMsg(MessageSvc.PbSendMsg)[0m
[0m2023-02-21 18:07:08 V/Net 2545774296: Recv: MessageSvc.PbSendMsg[0m
[0m2023-02-21 18:38:57 V/Net 2545774296: Send: MessageSvc.PbSendMsg(MessageSvc.PbSendMsg)[0m
[0m2023-02-21 18:38:57 V/Net 2545774296: Recv: MessageSvc.PbSendMsg[0m
[0m2023-02-21 18:43:26 V/Net 2545774296: Send: StatSvc.register(offline)[0m
